SLURM: start oscillations_Y.py
Wed 09 Aug 2023 08:19:58 AM PDT
/global/u2/c/cpbunker/GitHub/transport/transport/simmons/oscillations_Y.py:60: RuntimeWarning: divide by zero encountered in log
  ret += -2*kBT*np.log(1-np.exp(-epsc/kBT));
############################################################
T = 5.0 K

Loading data from Mn-2Tesla/data/5.0KdIdV.txt
>>>> (5.0, 5.0, 13.0)

Fitting data
   Iteration     Total nfev        Cost      Cost reduction    Step norm     Optimality   
       0              1         1.4856e+06                                    4.64e+06    
       1              2         7.4233e+05      7.43e+05       1.75e-01       3.62e+06    
       2              3         4.9443e+05      2.48e+05       2.72e+00       2.41e+06    
       3              4         3.4052e+05      1.54e+05       1.21e+00       1.04e+06    
       4              5         3.3635e+05      4.17e+03       1.79e-01       9.34e+05    
       5              6         3.3627e+05      8.41e+01       3.76e-03       9.32e+05    
       6              7         3.2515e+05      1.11e+04       6.18e-01          nan      
   Iteration     Total nfev        Cost      Cost reduction    Step norm     Optimality   
       0              1         1.5466e+02                                    2.69e+02    
       1              2         1.5407e+02      5.90e-01       4.41e-02          nan      
Traceback (most recent call last):
  File "/global/u2/c/cpbunker/GitHub/transport/transport/simmons/utils.py", line 186, in fit_wrapper
    fit_params, _ = scipy_curve_fit(fit_func, xvals, yvals,
  File "/global/common/software/nersc/pm-2022q3/sw/python/3.9-anaconda-2021.11/lib/python3.9/site-packages/scipy/optimize/minpack.py", line 800, in curve_fit
    res = least_squares(func, p0, jac=jac, bounds=bounds, method=method,
  File "/global/common/software/nersc/pm-2022q3/sw/python/3.9-anaconda-2021.11/lib/python3.9/site-packages/scipy/optimize/_lsq/least_squares.py", line 928, in least_squares
    result = trf(fun_wrapped, jac_wrapped, x0, f0, J0, lb, ub, ftol, xtol,
  File "/global/common/software/nersc/pm-2022q3/sw/python/3.9-anaconda-2021.11/lib/python3.9/site-packages/scipy/optimize/_lsq/trf.py", line 123, in trf
    return trf_bounds(
  File "/global/common/software/nersc/pm-2022q3/sw/python/3.9-anaconda-2021.11/lib/python3.9/site-packages/scipy/optimize/_lsq/trf.py", line 301, in trf_bounds
    U, s, V = svd(J_augmented, full_matrices=False)
  File "/global/common/software/nersc/pm-2022q3/sw/python/3.9-anaconda-2021.11/lib/python3.9/site-packages/scipy/linalg/decomp_svd.py", line 108, in svd
    a1 = _asarray_validated(a, check_finite=check_finite)
  File "/global/common/software/nersc/pm-2022q3/sw/python/3.9-anaconda-2021.11/lib/python3.9/site-packages/scipy/_lib/_util.py", line 293, in _asarray_validated
    a = toarray(a)
  File "/global/common/software/nersc/pm-2022q3/sw/python/3.9-anaconda-2021.11/lib/python3.9/site-packages/numpy/lib/function_base.py", line 488, in asarray_chkfinite
    raise ValueError(
ValueError: array must not contain infs or NaNs

During handling of the above exception, another exception occurred:

Traceback (most recent call last):
  File "/global/u2/c/cpbunker/GitHub/transport/transport/simmons/oscillations_Y.py", line 499, in <module>
    fit_Mn_data(stop_at, metal, verbose=verbose);
  File "/global/u2/c/cpbunker/GitHub/transport/transport/simmons/oscillations_Y.py", line 362, in fit_Mn_data
    x_forfit, y_forfit, temp_results, temp_bounds = fit_dIdV(metal,
  File "/global/u2/c/cpbunker/GitHub/transport/transport/simmons/oscillations_Y.py", line 166, in fit_dIdV
    params_init, _ = fit_wrapper(dIdV_all_zero, V_exp, dI_exp,
  File "/global/u2/c/cpbunker/GitHub/transport/transport/simmons/utils.py", line 189, in fit_wrapper
    fit_params, _ = scipy_curve_fit(fit_func, xvals, yvals,
  File "/global/common/software/nersc/pm-2022q3/sw/python/3.9-anaconda-2021.11/lib/python3.9/site-packages/scipy/optimize/minpack.py", line 800, in curve_fit
    res = least_squares(func, p0, jac=jac, bounds=bounds, method=method,
  File "/global/common/software/nersc/pm-2022q3/sw/python/3.9-anaconda-2021.11/lib/python3.9/site-packages/scipy/optimize/_lsq/least_squares.py", line 928, in least_squares
    result = trf(fun_wrapped, jac_wrapped, x0, f0, J0, lb, ub, ftol, xtol,
  File "/global/common/software/nersc/pm-2022q3/sw/python/3.9-anaconda-2021.11/lib/python3.9/site-packages/scipy/optimize/_lsq/trf.py", line 123, in trf
    return trf_bounds(
  File "/global/common/software/nersc/pm-2022q3/sw/python/3.9-anaconda-2021.11/lib/python3.9/site-packages/scipy/optimize/_lsq/trf.py", line 301, in trf_bounds
    U, s, V = svd(J_augmented, full_matrices=False)
  File "/global/common/software/nersc/pm-2022q3/sw/python/3.9-anaconda-2021.11/lib/python3.9/site-packages/scipy/linalg/decomp_svd.py", line 108, in svd
    a1 = _asarray_validated(a, check_finite=check_finite)
  File "/global/common/software/nersc/pm-2022q3/sw/python/3.9-anaconda-2021.11/lib/python3.9/site-packages/scipy/_lib/_util.py", line 293, in _asarray_validated
    a = toarray(a)
  File "/global/common/software/nersc/pm-2022q3/sw/python/3.9-anaconda-2021.11/lib/python3.9/site-packages/numpy/lib/function_base.py", line 488, in asarray_chkfinite
    raise ValueError(
ValueError: array must not contain infs or NaNs
SLURM: finish oscillations_Y.py
Wed 09 Aug 2023 08:20:00 AM PDT
